File with key infocardsub.rtf21 located at C:\Work\GranVUS2\Release\Image\Templates\infocardsub.rtf could not be compressed.  This may be a temporary file location.  Make sure file infocardsub.rtf21 has a source path.
File with key infocardrai.rtf20 located at C:\Work\GranVUS2\Release\Image\Templates\infocardrai.rtf could not be compressed.  This may be a temporary file location.  Make sure file infocardrai.rtf20 has a source path.
File with key infocardokr.rtf19 located at C:\Work\GranVUS2\Release\Image\Templates\infocardokr.rtf could not be compressed.  This may be a temporary file location.  Make sure file infocardokr.rtf19 has a source path.
File with key form18lst.dll2 located at c:\Work\GranVUS2\Release\Image\PlugIns\form18lst.dll could not be compressed.  This may be a temporary file location.  Make sure file form18lst.dll2 has a source path.
File with key Bron.hlp located at c:\Work\GranVUS2\Release\Image\Bron.hlp could not be compressed.  This may be a temporary file location.  Make sure file Bron.hlp has a source path.
File with key formokbv.rtf17 located at C:\Work\GranVUS2\Release\Image\Templates\formokbv.rtf could not be compressed.  This may be a temporary file location.  Make sure file formokbv.rtf17 has a source path.
File with key formbronfull.rtf located at C:\Work\GranVUS2\Release\Image\Templates\formbronfull.rtf could not be compressed.  This may be a temporary file location.  Make sure file formbronfull.rtf has a source path.
File with key formbronbrief.rtf16 located at C:\Work\GranVUS2\Release\Image\Templates\formbronbrief.rtf could not be compressed.  This may be a temporary file location.  Make sure file formbronbrief.rtf16 has a source path.
File with key form77tlist.rtf15 located at C:\Work\GranVUS2\Release\Image\Templates\form77tlist.rtf could not be compressed.  This may be a temporary file location.  Make sure file form77tlist.rtf15 has a source path.
File with key expdata.dll located at c:\Work\GranVUS2\Release\Image\expdata.dll could not be compressed.  This may be a temporary file location.  Make sure file expdata.dll has a source path.
File with key form18.rtf11 located at C:\Work\GranVUS2\Release\Image\Templates\form18.rtf could not be compressed.  This may be a temporary file location.  Make sure file form18.rtf11 has a source path.
File with key infocard.dll10 located at c:\Work\GranVUS2\Release\Image\PlugIns\infocard.dll could not be compressed.  This may be a temporary file location.  Make sure file infocard.dll10 has a source path.
File with key formotr.dll9 located at c:\Work\GranVUS2\Release\Image\PlugIns\formotr.dll could not be compressed.  This may be a temporary file location.  Make sure file formotr.dll9 has a source path.
File with key formokbv.dll8 located at c:\Work\GranVUS2\Release\Image\PlugIns\formokbv.dll could not be compressed.  This may be a temporary file location.  Make sure file formokbv.dll8 has a source path.
File with key formbron.dll7 located at c:\Work\GranVUS2\Release\Image\PlugIns\formbron.dll could not be compressed.  This may be a temporary file location.  Make sure file formbron.dll7 has a source path.
File with key form6lst.dll5 located at c:\Work\GranVUS2\Release\Image\PlugIns\form6lst.dll could not be compressed.  This may be a temporary file location.  Make sure file form6lst.dll5 has a source path.
File with key Form6.dll3 located at c:\Work\GranVUS2\Release\Image\PlugIns\Form6.dll could not be compressed.  This may be a temporary file location.  Make sure file Form6.dll3 has a source path.
File with key form6brief.dll4 located at c:\Work\GranVUS2\Release\Image\PlugIns\form6brief.dll could not be compressed.  This may be a temporary file location.  Make sure file form6brief.dll4 has a source path.
File with key form18.dll1 located at c:\Work\GranVUS2\Release\Image\PlugIns\form18.dll could not be compressed.  This may be a temporary file location.  Make sure file form18.dll1 has a source path.
File with key reg_info.ini located at c:\Work\GranVUS2\Release\Image\RegInfo\reg_info.ini could not be compressed.  This may be a temporary file location.  Make sure file reg_info.ini has a source path.
File with key form18list.rtf12 located at C:\Work\GranVUS2\Release\Image\Templates\form18list.rtf could not be compressed.  This may be a temporary file location.  Make sure file form18list.rtf12 has a source path.
File with key gr_reg.dll located at c:\Work\GranVUS2\Release\Image\RegInfo\gr_reg.dll could not be compressed.  This may be a temporary file location.  Make sure file gr_reg.dll has a source path.
File with key formsobst.dll located at C:\Work\GranVUS2\Release\Image\PlugIns\formsobst.dll could not be compressed.  This may be a temporary file location.  Make sure file formsobst.dll has a source path.
File with key form6brief.rtf14 located at C:\Work\GranVUS2\Release\Image\Templates\form6brief.rtf could not be compressed.  This may be a temporary file location.  Make sure file form6brief.rtf14 has a source path.
File with key Roboex32.dll located at c:\Work\GranVUS2\Release\Image\Roboex32.dll could not be compressed.  This may be a temporary file location.  Make sure file Roboex32.dll has a source path.
File with key form6.rtf13 located at C:\Work\GranVUS2\Release\Image\Templates\form6.rtf could not be compressed.  This may be a temporary file location.  Make sure file form6.rtf13 has a source path.
File with key wh2robo.dll located at c:\Work\GranVUS2\Release\Image\wh2robo.dll could not be compressed.  This may be a temporary file location.  Make sure file wh2robo.dll has a source path.
File with key sqlbkup.hlp located at c:\Work\GranVUS2\Release\Image\sqlbkup.hlp could not be compressed.  This may be a temporary file location.  Make sure file sqlbkup.hlp has a source path.
File with key sqlbkup.exe located at c:\Work\GranVUS2\Release\Image\sqlbkup.exe could not be compressed.  This may be a temporary file location.  Make sure file sqlbkup.exe has a source path.
File with key bron.cnt located at c:\Work\GranVUS2\Release\Image\bron.cnt could not be compressed.  This may be a temporary file location.  Make sure file bron.cnt has a source path.
File with key form77tlst.dll6 located at c:\Work\GranVUS2\Release\Image\PlugIns\form77tlst.dll could not be compressed.  This may be a temporary file location.  Make sure file form77tlst.dll6 has a source path.
File with key kbdmouhk.dll located at c:\Work\GranVUS2\Release\Image\kbdmouhk.dll could not be compressed.  This may be a temporary file location.  Make sure file kbdmouhk.dll has a source path.
File with key GranVUS2.exe located at c:\Work\GranVUS2\Release\Image\GranVUS2.exe could not be compressed.  This may be a temporary file location.  Make sure file GranVUS2.exe has a source path.
File with key svod.dll located at C:\Work\GranVUS2\Release\Image\PlugIns\svod.dll could not be compressed.  This may be a temporary file location.  Make sure file svod.dll has a source path.
File with key svod.rtf located at C:\Work\GranVUS2\Release\Image\Templates\svod.rtf could not be compressed.  This may be a temporary file location.  Make sure file svod.rtf has a source path.
File with key formsobst.rtf located at C:\Work\GranVUS2\Release\Image\Templates\formsobst.rtf could not be compressed.  This may be a temporary file location.  Make sure file formsobst.rtf has a source path.
File with key formokved.rtf located at C:\Work\GranVUS2\Release\Image\Templates\formokved.rtf could not be compressed.  This may be a temporary file location.  Make sure file formokved.rtf has a source path.
File with key form6VUO.rtf located at C:\Work\GranVUS2\Release\Image\Templates\form6VUO.rtf could not be compressed.  This may be a temporary file location.  Make sure file form6VUO.rtf has a source path.
Did not write blank property: MsiHiddenProperties
